0 info it worked if it ends with ok
1 verbose cli [ '/usr/local/bin/node', '/usr/local/bin/npm', 'start' ]
2 info using npm@3.8.1
3 info using node@v4.1.2
4 verbose run-script [ 'prestart', 'start', 'poststart' ]
5 info lifecycle iungo-notification-server@1.0.0~prestart: iungo-notification-server@1.0.0
6 silly lifecycle iungo-notification-server@1.0.0~prestart: no script for prestart, continuing
7 info lifecycle iungo-notification-server@1.0.0~start: iungo-notification-server@1.0.0
8 verbose lifecycle iungo-notification-server@1.0.0~start: unsafe-perm in lifecycle true
9 verbose lifecycle iungo-notification-server@1.0.0~start: PATH: /usr/local/lib/node_modules/npm/bin/node-gyp-bin:/Users/Niklas/Documents/iungo/NotificationServer/unified/iungo-notification-server/node_modules/.bin:/usr/local/bin:/Users/Niklas/.gem/bin:/Users/Niklas/.gem/bin:/usr/local/bin:/usr/bin:/bin:/usr/sbin:/sbin:/usr/local/git/bin:/usr/texbin
10 verbose lifecycle iungo-notification-server@1.0.0~start: CWD: /Users/Niklas/Documents/iungo/NotificationServer/unified/iungo-notification-server
11 silly lifecycle iungo-notification-server@1.0.0~start: Args: [ '-c', 'babel-node index.js' ]
12 silly lifecycle iungo-notification-server@1.0.0~start: Returned: code: 1  signal: null
13 info lifecycle iungo-notification-server@1.0.0~start: Failed to exec start script
14 verbose stack Error: iungo-notification-server@1.0.0 start: `babel-node index.js`
14 verbose stack Exit status 1
14 verbose stack     at EventEmitter.<anonymous> (/usr/local/lib/node_modules/npm/lib/utils/lifecycle.js:239:16)
14 verbose stack     at emitTwo (events.js:87:13)
14 verbose stack     at EventEmitter.emit (events.js:172:7)
14 verbose stack     at ChildProcess.<anonymous> (/usr/local/lib/node_modules/npm/lib/utils/spawn.js:24:14)
14 verbose stack     at emitTwo (events.js:87:13)
14 verbose stack     at ChildProcess.emit (events.js:172:7)
14 verbose stack     at maybeClose (internal/child_process.js:818:16)
14 verbose stack     at Process.ChildProcess._handle.onexit (internal/child_process.js:211:5)
15 verbose pkgid iungo-notification-server@1.0.0
16 verbose cwd /Users/Niklas/Documents/iungo/NotificationServer/unified/iungo-notification-server
17 error Darwin 15.4.0
18 error argv "/usr/local/bin/node" "/usr/local/bin/npm" "start"
19 error node v4.1.2
20 error npm  v3.8.1
21 error code ELIFECYCLE
22 error iungo-notification-server@1.0.0 start: `babel-node index.js`
22 error Exit status 1
23 error Failed at the iungo-notification-server@1.0.0 start script 'babel-node index.js'.
23 error Make sure you have the latest version of node.js and npm installed.
23 error If you do, this is most likely a problem with the iungo-notification-server package,
23 error not with npm itself.
23 error Tell the author that this fails on your system:
23 error     babel-node index.js
23 error You can get information on how to open an issue for this project with:
23 error     npm bugs iungo-notification-server
23 error Or if that isn't available, you can get their info via:
23 error     npm owner ls iungo-notification-server
23 error There is likely additional logging output above.
24 verbose exit [ 1, true ]
